# JRE version: OpenJDK Runtime Environment Temurin-21.0.11+10 (21.0.11+10) (build 21.0.11+10-LTS)
# Java VM: OpenJDK 64-Bit Server VM Temurin-21.0.11+10 (21.0.11+10-LTS, mixed mode, sharing, tiered, compressed oops, compressed class ptrs, parallel gc, windows-amd64)
GC Precious Log:
 CardTable entry size: 512
 CPUs: 8 total, 8 available
 Memory: 6091M
 Large Page Support: Disabled
 NUMA Support: Disabled
 Compressed Oops: Enabled (32-bit)
 Alignments: Space 512K, Generation 512K, Heap 2M
 Heap Min Capacity: 100M
 Heap Initial Capacity: 100M
 Heap Max Capacity: 2G
 Pre-touch: Disabled
 Parallel Workers: 8
Heap:
 PSYoungGen      total 4608K, used 2981K [0x00000000d5580000, 0x00000000d5b00000, 0x0000000100000000)
  eden space 4096K, 68% used [0x00000000d5580000,0x00000000d583ae70,0x00000000d5980000)
  from space 512K, 36% used [0x00000000d5a80000,0x00000000d5aae900,0x00000000d5b00000)
  to   space 512K, 0% used [0x00000000d5a00000,0x00000000d5a00000,0x00000000d5a80000)
 ParOldGen       total 243200K, used 242530K [0x0000000080000000, 0x000000008ed80000, 0x00000000d5580000)
  object space 243200K, 99% used [0x0000000080000000,0x000000008ecd8a10,0x000000008ed80000)
 Metaspace       used 81219K, committed 83008K, reserved 1179648K
  class space    used 8657K, committed 9408K, reserved 1048576K
GC Heap History (20 events):
Event: 854.988 GC heap before
{Heap before GC invocations=204 (full 3):
 PSYoungGen      total 4608K, used 3640K [0x00000000d5580000, 0x00000000d5b00000, 0x0000000100000000)
  eden space 4096K, 84% used [0x00000000d5580000,0x00000000d58df710,0x00000000d5980000)
  from space 512K, 36% used [0x00000000d5a80000,0x00000000d5aae900,0x00000000d5b00000)
  to   space 512K, 0% used [0x00000000d5a00000,0x00000000d5a00000,0x00000000d5a80000)
 ParOldGen       total 234496K, used 234412K [0x0000000080000000, 0x000000008e500000, 0x00000000d5580000)
  object space 234496K, 99% used [0x0000000080000000,0x000000008e4eb150,0x000000008e500000)
 Metaspace       used 81168K, committed 82880K, reserved 1179648K
  class space    used 8657K, committed 9408K, reserved 1048576K
}
Event: 854.990 GC heap after
{Heap after GC invocations=204 (full 3):
 PSYoungGen      total 4608K, used 250K [0x00000000d5580000, 0x00000000d5b00000, 0x0000000100000000)
  eden space 4096K, 0% used [0x00000000d5580000,0x00000000d5580000,0x00000000d5980000)
  from space 512K, 48% used [0x00000000d5a00000,0x00000000d5a3e900,0x00000000d5a80000)
  to   space 512K, 0% used [0x00000000d5a80000,0x00000000d5a80000,0x00000000d5b00000)
 ParOldGen       total 234496K, used 234452K [0x0000000080000000, 0x000000008e500000, 0x00000000d5580000)
  object space 234496K, 99% used [0x0000000080000000,0x000000008e4f5150,0x000000008e500000)
 Metaspace       used 81168K, committed 82880K, reserved 1179648K
  class space    used 8657K, committed 9408K, reserved 1048576K
}
Event: 855.078 GC heap before
{Heap before GC invocations=205 (full 3):
 PSYoungGen      total 4608K, used 3833K [0x00000000d5580000, 0x00000000d5b00000, 0x0000000100000000)
  eden space 4096K, 87% used [0x00000000d5580000,0x00000000d58ffc80,0x00000000d5980000)
  from space 512K, 48% used [0x00000000d5a00000,0x00000000d5a3e900,0x00000000d5a80000)
  to   space 512K, 0% used [0x00000000d5a80000,0x00000000d5a80000,0x00000000d5b00000)
 ParOldGen       total 234496K, used 234452K [0x0000000080000000, 0x000000008e500000, 0x00000000d5580000)
  object space 234496K, 99% used [0x0000000080000000,0x000000008e4f5150,0x000000008e500000)
 Metaspace       used 81168K, committed 82880K, reserved 1179648K
  class space    used 8657K, committed 9408K, reserved 1048576K
}
Event: 855.079 GC heap after
{Heap after GC invocations=205 (full 3):
 PSYoungGen      total 4608K, used 256K [0x00000000d5580000, 0x00000000d5b00000, 0x0000000100000000)
  eden space 4096K, 0% used [0x00000000d5580000,0x00000000d5580000,0x00000000d5980000)
  from space 512K, 50% used [0x00000000d5a80000,0x00000000d5ac0000,0x00000000d5b00000)
  to   space 512K, 0% used [0x00000000d5a00000,0x00000000d5a00000,0x00000000d5a80000)
 ParOldGen       total 235008K, used 234500K [0x0000000080000000, 0x000000008e580000, 0x00000000d5580000)
  object space 235008K, 99% used [0x0000000080000000,0x000000008e501150,0x000000008e580000)
 Metaspace       used 81168K, committed 82880K, reserved 1179648K
  class space    used 8657K, committed 9408K, reserved 1048576K
}
Event: 855.122 GC heap before
{Heap before GC invocations=206 (full 3):
 PSYoungGen      total 4608K, used 3602K [0x00000000d5580000, 0x00000000d5b00000, 0x0000000100000000)
  eden space 4096K, 81% used [0x00000000d5580000,0x00000000d58c4a40,0x00000000d5980000)
  from space 512K, 50% used [0x00000000d5a80000,0x00000000d5ac0000,0x00000000d5b00000)
  to   space 512K, 0% used [0x00000000d5a00000,0x00000000d5a00000,0x00000000d5a80000)
 ParOldGen       total 235008K, used 234500K [0x0000000080000000, 0x000000008e580000, 0x00000000d5580000)
  object space 235008K, 99% used [0x0000000080000000,0x000000008e501150,0x000000008e580000)
 Metaspace       used 81168K, committed 82880K, reserved 1179648K
  class space    used 8657K, committed 9408K, reserved 1048576K
}
Event: 855.124 GC heap after
{Heap after GC invocations=206 (full 3):
 PSYoungGen      total 4608K, used 256K [0x00000000d5580000, 0x00000000d5b00000, 0x0000000100000000)
  eden space 4096K, 0% used [0x00000000d5580000,0x00000000d5580000,0x00000000d5980000)
  from space 512K, 50% used [0x00000000d5a00000,0x00000000d5a40000,0x00000000d5a80000)
  to   space 512K, 0% used [0x00000000d5a80000,0x00000000d5a80000,0x00000000d5b00000)
 ParOldGen       total 235008K, used 234608K [0x0000000080000000, 0x000000008e580000, 0x00000000d5580000)
  object space 235008K, 99% used [0x0000000080000000,0x000000008e51c350,0x000000008e580000)
 Metaspace       used 81168K, committed 82880K, reserved 1179648K
  class space    used 8657K, committed 9408K, reserved 1048576K
}
Event: 855.134 GC heap before
{Heap before GC invocations=207 (full 3):
 PSYoungGen      total 4608K, used 4325K [0x00000000d5580000, 0x00000000d5b00000, 0x0000000100000000)
  eden space 4096K, 99% used [0x00000000d5580000,0x00000000d5979720,0x00000000d5980000)
  from space 512K, 50% used [0x00000000d5a00000,0x00000000d5a40000,0x00000000d5a80000)
  to   space 512K, 0% used [0x00000000d5a80000,0x00000000d5a80000,0x00000000d5b00000)
 ParOldGen       total 235008K, used 234608K [0x0000000080000000, 0x000000008e580000, 0x00000000d5580000)
  object space 235008K, 99% used [0x0000000080000000,0x000000008e51c350,0x000000008e580000)
 Metaspace       used 81168K, committed 82880K, reserved 1179648K
  class space    used 8657K, committed 9408K, reserved 1048576K
}
Event: 855.137 GC heap after
{Heap after GC invocations=207 (full 3):
 PSYoungGen      total 4608K, used 192K [0x00000000d5580000, 0x00000000d5b00000, 0x0000000100000000)
  eden space 4096K, 0% used [0x00000000d5580000,0x00000000d5580000,0x00000000d5980000)
  from space 512K, 37% used [0x00000000d5a80000,0x00000000d5ab0000,0x00000000d5b00000)
  to   space 512K, 0% used [0x00000000d5a00000,0x00000000d5a00000,0x00000000d5a80000)
 ParOldGen       total 239104K, used 238225K [0x0000000080000000, 0x000000008e980000, 0x00000000d5580000)
  object space 239104K, 99% used [0x0000000080000000,0x000000008e8a46b0,0x000000008e980000)
 Metaspace       used 81168K, committed 82880K, reserved 1179648K
  class space    used 8657K, committed 9408K, reserved 1048576K
}
Event: 855.148 GC heap before
{Heap before GC invocations=208 (full 3):
 PSYoungGen      total 4608K, used 3032K [0x00000000d5580000, 0x00000000d5b00000, 0x0000000100000000)
  eden space 4096K, 69% used [0x00000000d5580000,0x00000000d5846140,0x00000000d5980000)
  from space 512K, 37% used [0x00000000d5a80000,0x00000000d5ab0000,0x00000000d5b00000)
  to   space 512K, 0% used [0x00000000d5a00000,0x00000000d5a00000,0x00000000d5a80000)
 ParOldGen       total 239104K, used 238225K [0x0000000080000000, 0x000000008e980000, 0x00000000d5580000)
  object space 239104K, 99% used [0x0000000080000000,0x000000008e8a46b0,0x000000008e980000)
 Metaspace       used 81168K, committed 82880K, reserved 1179648K
  class space    used 8657K, committed 9408K, reserved 1048576K
}
Event: 855.149 GC heap after
{Heap after GC invocations=208 (full 3):
 PSYoungGen      total 4608K, used 256K [0x00000000d5580000, 0x00000000d5b00000, 0x0000000100000000)
  eden space 4096K, 0% used [0x00000000d5580000,0x00000000d5580000,0x00000000d5980000)
  from space 512K, 50% used [0x00000000d5a00000,0x00000000d5a40000,0x00000000d5a80000)
  to   space 512K, 0% used [0x00000000d5a80000,0x00000000d5a80000,0x00000000d5b00000)
 ParOldGen       total 239104K, used 238265K [0x0000000080000000, 0x000000008e980000, 0x00000000d5580000)
  object space 239104K, 99% used [0x0000000080000000,0x000000008e8ae6b0,0x000000008e980000)
 Metaspace       used 81168K, committed 82880K, reserved 1179648K
  class space    used 8657K, committed 9408K, reserved 1048576K
}
Event: 855.169 GC heap before
{Heap before GC invocations=209 (full 3):
 PSYoungGen      total 4608K, used 4325K [0x00000000d5580000, 0x00000000d5b00000, 0x0000000100000000)
  eden space 4096K, 99% used [0x00000000d5580000,0x00000000d5979788,0x00000000d5980000)
  from space 512K, 50% used [0x00000000d5a00000,0x00000000d5a40000,0x00000000d5a80000)
  to   space 512K, 0% used [0x00000000d5a80000,0x00000000d5a80000,0x00000000d5b00000)
 ParOldGen       total 239104K, used 238265K [0x0000000080000000, 0x000000008e980000, 0x00000000d5580000)
  object space 239104K, 99% used [0x0000000080000000,0x000000008e8ae6b0,0x000000008e980000)
 Metaspace       used 81168K, committed 82880K, reserved 1179648K
  class space    used 8657K, committed 9408K, reserved 1048576K
}
Event: 855.172 GC heap after
{Heap after GC invocations=209 (full 3):
 PSYoungGen      total 4608K, used 192K [0x00000000d5580000, 0x00000000d5b00000, 0x0000000100000000)
  eden space 4096K, 0% used [0x00000000d5580000,0x00000000d5580000,0x00000000d5980000)
  from space 512K, 37% used [0x00000000d5a80000,0x00000000d5ab0000,0x00000000d5b00000)
  to   space 512K, 0% used [0x00000000d5a00000,0x00000000d5a00000,0x00000000d5a80000)
 ParOldGen       total 243200K, used 241842K [0x0000000080000000, 0x000000008ed80000, 0x00000000d5580000)
  object space 243200K, 99% used [0x0000000080000000,0x000000008ec2ca10,0x000000008ed80000)
 Metaspace       used 81168K, committed 82880K, reserved 1179648K
  class space    used 8657K, committed 9408K, reserved 1048576K
}
Event: 855.448 GC heap before
{Heap before GC invocations=210 (full 3):
 PSYoungGen      total 4608K, used 4288K [0x00000000d5580000, 0x00000000d5b00000, 0x0000000100000000)
  eden space 4096K, 100% used [0x00000000d5580000,0x00000000d5980000,0x00000000d5980000)
  from space 512K, 37% used [0x00000000d5a80000,0x00000000d5ab0000,0x00000000d5b00000)
  to   space 512K, 0% used [0x00000000d5a00000,0x00000000d5a00000,0x00000000d5a80000)
 ParOldGen       total 243200K, used 241842K [0x0000000080000000, 0x000000008ed80000, 0x00000000d5580000)
  object space 243200K, 99% used [0x0000000080000000,0x000000008ec2ca10,0x000000008ed80000)
 Metaspace       used 81192K, committed 82944K, reserved 1179648K
  class space    used 8657K, committed 9408K, reserved 1048576K
}
Event: 855.451 GC heap after
{Heap after GC invocations=210 (full 3):
 PSYoungGen      total 4608K, used 506K [0x00000000d5580000, 0x00000000d5b80000, 0x0000000100000000)
  eden space 4096K, 0% used [0x00000000d5580000,0x00000000d5580000,0x00000000d5980000)
  from space 512K, 98% used [0x00000000d5a00000,0x00000000d5a7e900,0x00000000d5a80000)
  to   space 1024K, 0% used [0x00000000d5a80000,0x00000000d5a80000,0x00000000d5b80000)
 ParOldGen       total 243200K, used 241970K [0x0000000080000000, 0x000000008ed80000, 0x00000000d5580000)
  object space 243200K, 99% used [0x0000000080000000,0x000000008ec4ca10,0x000000008ed80000)
 Metaspace       used 81192K, committed 82944K, reserved 1179648K
  class space    used 8657K, committed 9408K, reserved 1048576K
}
Event: 855.618 GC heap before
{Heap before GC invocations=211 (full 3):
 PSYoungGen      total 4608K, used 4602K [0x00000000d5580000, 0x00000000d5b80000, 0x0000000100000000)
  eden space 4096K, 100% used [0x00000000d5580000,0x00000000d5980000,0x00000000d5980000)
  from space 512K, 98% used [0x00000000d5a00000,0x00000000d5a7e900,0x00000000d5a80000)
  to   space 1024K, 0% used [0x00000000d5a80000,0x00000000d5a80000,0x00000000d5b80000)
 ParOldGen       total 243200K, used 241970K [0x0000000080000000, 0x000000008ed80000, 0x00000000d5580000)
  object space 243200K, 99% used [0x0000000080000000,0x000000008ec4ca10,0x000000008ed80000)
 Metaspace       used 81205K, committed 82944K, reserved 1179648K
  class space    used 8657K, committed 9408K, reserved 1048576K
}
Event: 855.620 GC heap after
{Heap after GC invocations=211 (full 3):
 PSYoungGen      total 5120K, used 500K [0x00000000d5580000, 0x00000000d5b80000, 0x0000000100000000)
  eden space 4096K, 0% used [0x00000000d5580000,0x00000000d5580000,0x00000000d5980000)
  from space 1024K, 48% used [0x00000000d5a80000,0x00000000d5afd200,0x00000000d5b80000)
  to   space 1024K, 0% used [0x00000000d5980000,0x00000000d5980000,0x00000000d5a80000)
 ParOldGen       total 243200K, used 242394K [0x0000000080000000, 0x000000008ed80000, 0x00000000d5580000)
  object space 243200K, 99% used [0x0000000080000000,0x000000008ecb6a10,0x000000008ed80000)
 Metaspace       used 81205K, committed 82944K, reserved 1179648K
  class space    used 8657K, committed 9408K, reserved 1048576K
}
Event: 855.816 GC heap before
{Heap before GC invocations=212 (full 3):
 PSYoungGen      total 5120K, used 4596K [0x00000000d5580000, 0x00000000d5b80000, 0x0000000100000000)
  eden space 4096K, 100% used [0x00000000d5580000,0x00000000d5980000,0x00000000d5980000)
  from space 1024K, 48% used [0x00000000d5a80000,0x00000000d5afd200,0x00000000d5b80000)
  to   space 1024K, 0% used [0x00000000d5980000,0x00000000d5980000,0x00000000d5a80000)
 ParOldGen       total 243200K, used 242394K [0x0000000080000000, 0x000000008ed80000, 0x00000000d5580000)
  object space 243200K, 99% used [0x0000000080000000,0x000000008ecb6a10,0x000000008ed80000)
 Metaspace       used 81216K, committed 83008K, reserved 1179648K
  class space    used 8657K, committed 9408K, reserved 1048576K
}
Event: 855.819 GC heap after
{Heap after GC invocations=212 (full 3):
 PSYoungGen      total 5120K, used 468K [0x00000000d5580000, 0x00000000d5b00000, 0x0000000100000000)
  eden space 4096K, 0% used [0x00000000d5580000,0x00000000d5580000,0x00000000d5980000)
  from space 1024K, 45% used [0x00000000d5980000,0x00000000d59f5200,0x00000000d5a80000)
  to   space 512K, 0% used [0x00000000d5a80000,0x00000000d5a80000,0x00000000d5b00000)
 ParOldGen       total 243200K, used 242482K [0x0000000080000000, 0x000000008ed80000, 0x00000000d5580000)
  object space 243200K, 99% used [0x0000000080000000,0x000000008eccca10,0x000000008ed80000)
 Metaspace       used 81216K, committed 83008K, reserved 1179648K
  class space    used 8657K, committed 9408K, reserved 1048576K
}
Event: 855.914 GC heap before
{Heap before GC invocations=213 (full 3):
 PSYoungGen      total 5120K, used 3010K [0x00000000d5580000, 0x00000000d5b00000, 0x0000000100000000)
  eden space 4096K, 62% used [0x00000000d5580000,0x00000000d57fb758,0x00000000d5980000)
  from space 1024K, 45% used [0x00000000d5980000,0x00000000d59f5200,0x00000000d5a80000)
  to   space 512K, 0% used [0x00000000d5a80000,0x00000000d5a80000,0x00000000d5b00000)
 ParOldGen       total 243200K, used 242482K [0x0000000080000000, 0x000000008ed80000, 0x00000000d5580000)
  object space 243200K, 99% used [0x0000000080000000,0x000000008eccca10,0x000000008ed80000)
 Metaspace       used 81219K, committed 83008K, reserved 1179648K
  class space    used 8657K, committed 9408K, reserved 1048576K
}
Event: 855.925 GC heap after
{Heap after GC invocations=213 (full 3):
 PSYoungGen      total 4608K, used 186K [0x00000000d5580000, 0x00000000d5b00000, 0x0000000100000000)
  eden space 4096K, 0% used [0x00000000d5580000,0x00000000d5580000,0x00000000d5980000)
  from space 512K, 36% used [0x00000000d5a80000,0x00000000d5aae900,0x00000000d5b00000)
  to   space 512K, 0% used [0x00000000d5a00000,0x00000000d5a00000,0x00000000d5a80000)
 ParOldGen       total 243200K, used 242530K [0x0000000080000000, 0x000000008ed80000, 0x00000000d5580000)
  object space 243200K, 99% used [0x0000000080000000,0x000000008ecd8a10,0x000000008ed80000)
 Metaspace       used 81219K, committed 83008K, reserved 1179648K
  class space    used 8657K, committed 9408K, reserved 1048576K
}

